<?xml version="1.0" encoding="UTF-8"?>
<!-- Generated by org.testng.reporters.JUnitReportReporter -->
<testsuite hostname="DESKTOP-2UE3TRB" failures="0" tests="1" name="SeleniumTest" time="65.616" errors="0" timestamp="19 May 2023 00:55:25 GMT" skipped="0">
  <testcase classname="SeleniumTest" name="f" time="65.616"/>
</testsuite> <!-- SeleniumTest -->
